[dotenv] Loaded [33m.env[0m
DEPRECATION WARNING: `Rails.application.secrets` is deprecated in favor of `Rails.application.credentials` and will be removed in Rails 7.2. (called from <main> at /workspaces/battle-stadium/config/environment.rb:5)
  [1m[35m (0.2ms)[0m  [1m[34mSELECT pg_try_advisory_lock(6188606430832794675)[0m
  [1m[36mActiveRecord::SchemaMigration Load (0.8ms)[0m  [1m[34mSELECT "schema_migrations"."version" FROM "schema_migrations" ORDER BY "schema_migrations"."version" ASC[0m
  [1m[36mActiveRecord::InternalMetadata Load (0.7ms)[0m  [1m[34mSELECT * FROM "ar_internal_metadata" WHERE "ar_internal_metadata"."key" = $1 ORDER BY "ar_internal_metadata"."key" ASC LIMIT 1[0m  [[nil, "environment"]]
  [1m[36mActiveRecord::InternalMetadata Update (1.7ms)[0m  [1m[33mUPDATE "ar_internal_metadata" SET "value" = 'development', "updated_at" = '2024-07-26 19:02:39.468753' WHERE "ar_internal_metadata"."key" = 'environment'[0m
  [1m[35m (0.2ms)[0m  [1m[34mSELECT pg_advisory_unlock(6188606430832794675)[0m
  [1m[36mActiveRecord::SchemaMigration Load (0.3ms)[0m  [1m[34mSELECT "schema_migrations"."version" FROM "schema_migrations" ORDER BY "schema_migrations"."version" ASC[0m
[dotenv] Loaded [33m.env[0m
DEPRECATION WARNING: `Rails.application.secrets` is deprecated in favor of `Rails.application.credentials` and will be removed in Rails 7.2. (called from <main> at /workspaces/battle-stadium/config/environment.rb:5)
  [1m[36mActiveRecord::SchemaMigration Load (0.5ms)[0m  [1m[34mSELECT "schema_migrations"."version" FROM "schema_migrations" ORDER BY "schema_migrations"."version" ASC[0m
  [1m[36mGame Load (0.4ms)[0m  [1m[34mSELECT "games".* FROM "games" WHERE "games"."name" = $1 LIMIT $2[0m  [["name", "Pokemon Scarlet & Violet"], ["LIMIT", 1]]
  [1m[36mGame Load (0.2ms)[0m  [1m[34mSELECT "games".* FROM "games" WHERE "games"."name" = $1 LIMIT $2[0m  [["name", "Pokemon Sword & Shield"], ["LIMIT", 1]]
  [1m[36mGame Load (0.1ms)[0m  [1m[34mSELECT "games".* FROM "games" WHERE "games"."name" = $1 LIMIT $2[0m  [["name", "Pokemon Series 1"], ["LIMIT", 1]]
  [1m[36mGame Load (0.2ms)[0m  [1m[34mSELECT "games".* FROM "games" WHERE "games"."name" = $1 LIMIT $2[0m  [["name", "Pokemon Series 2"], ["LIMIT", 1]]
  [1m[36mGame Load (0.2ms)[0m  [1m[34mSELECT "games".* FROM "games" WHERE "games"."name" = $1 LIMIT $2[0m  [["name", "Pokemon Series 3"], ["LIMIT", 1]]
  [1m[36mGame Load (0.2ms)[0m  [1m[34mSELECT "games".* FROM "games" WHERE "games"."name" = $1 LIMIT $2[0m  [["name", "Pokemon Series 4"], ["LIMIT", 1]]
  [1m[36mGame Load (0.1ms)[0m  [1m[34mSELECT "games".* FROM "games" WHERE "games"."name" = $1 LIMIT $2[0m  [["name", "Pokemon Series 5"], ["LIMIT", 1]]
  [1m[36mGame Load (0.1ms)[0m  [1m[34mSELECT "games".* FROM "games" WHERE "games"."name" = $1 LIMIT $2[0m  [["name", "Pokemon Series 6"], ["LIMIT", 1]]
  [1m[36mGame Load (0.1ms)[0m  [1m[34mSELECT "games".* FROM "games" WHERE "games"."name" = $1 LIMIT $2[0m  [["name", "Pokemon Series 7"], ["LIMIT", 1]]
  [1m[36mGame Load (0.1ms)[0m  [1m[34mSELECT "games".* FROM "games" WHERE "games"."name" = $1 LIMIT $2[0m  [["name", "Pokemon Series 8"], ["LIMIT", 1]]
  [1m[36mGame Load (0.1ms)[0m  [1m[34mSELECT "games".* FROM "games" WHERE "games"."name" = $1 LIMIT $2[0m  [["name", "Pokemon Series 9"], ["LIMIT", 1]]
  [1m[36mGame Load (0.2ms)[0m  [1m[34mSELECT "games".* FROM "games" WHERE "games"."name" = $1 LIMIT $2[0m  [["name", "Pokemon Series 10"], ["LIMIT", 1]]
  [1m[36mTournament::Format Load (0.4ms)[0m  [1m[34mSELECT "formats".* FROM "formats" WHERE "formats"."name" = $1 AND "formats"."game_id" = $2 LIMIT $3[0m  [["name", "Regulation A"], ["game_id", 1], ["LIMIT", 1]]
  [1m[36mTournament::Format Load (0.3ms)[0m  [1m[34mSELECT "formats".* FROM "formats" WHERE "formats"."name" = $1 AND "formats"."game_id" = $2 LIMIT $3[0m  [["name", "Regulation B"], ["game_id", 1], ["LIMIT", 1]]
  [1m[36mTournament::Format Load (0.2ms)[0m  [1m[34mSELECT "formats".* FROM "formats" WHERE "formats"."name" = $1 AND "formats"."game_id" = $2 LIMIT $3[0m  [["name", "Regulation C"], ["game_id", 1], ["LIMIT", 1]]
  [1m[36mTournament::Format Load (0.2ms)[0m  [1m[34mSELECT "formats".* FROM "formats" WHERE "formats"."name" = $1 AND "formats"."game_id" = $2 LIMIT $3[0m  [["name", "Regulation D"], ["game_id", 1], ["LIMIT", 1]]
  [1m[36mTournament::Format Load (0.2ms)[0m  [1m[34mSELECT "formats".* FROM "formats" WHERE "formats"."name" = $1 AND "formats"."game_id" = $2 LIMIT $3[0m  [["name", "Regulation E"], ["game_id", 1], ["LIMIT", 1]]
  [1m[36mTournament::Format Load (0.2ms)[0m  [1m[34mSELECT "formats".* FROM "formats" WHERE "formats"."name" = $1 AND "formats"."game_id" = $2 LIMIT $3[0m  [["name", "Regulation F"], ["game_id", 1], ["LIMIT", 1]]
  [1m[36mTournament::Format Load (0.2ms)[0m  [1m[34mSELECT "formats".* FROM "formats" WHERE "formats"."name" = $1 AND "formats"."game_id" = $2 LIMIT $3[0m  [["name", "Regulation G"], ["game_id", 1], ["LIMIT", 1]]
  [1m[36mTournament::Format Load (0.1ms)[0m  [1m[34mSELECT "formats".* FROM "formats" WHERE "formats"."name" = $1 AND "formats"."game_id" = $2 LIMIT $3[0m  [["name", "Regulation H"], ["game_id", 1], ["LIMIT", 1]]
  [1m[36mTournament::Format Load (0.2ms)[0m  [1m[34mSELECT "formats".* FROM "formats" WHERE "formats"."name" = $1 AND "formats"."game_id" = $2 LIMIT $3[0m  [["name", "Series 1"], ["game_id", 2], ["LIMIT", 1]]
  [1m[36mTournament::Format Load (0.2ms)[0m  [1m[34mSELECT "formats".* FROM "formats" WHERE "formats"."name" = $1 AND "formats"."game_id" = $2 LIMIT $3[0m  [["name", "Series 2"], ["game_id", 2], ["LIMIT", 1]]
  [1m[36mTournament::Format Load (0.2ms)[0m  [1m[34mSELECT "formats".* FROM "formats" WHERE "formats"."name" = $1 AND "formats"."game_id" = $2 LIMIT $3[0m  [["name", "Series 3"], ["game_id", 2], ["LIMIT", 1]]
  [1m[36mTournament::Format Load (0.1ms)[0m  [1m[34mSELECT "formats".* FROM "formats" WHERE "formats"."name" = $1 AND "formats"."game_id" = $2 LIMIT $3[0m  [["name", "Series 4"], ["game_id", 2], ["LIMIT", 1]]
  [1m[36mTournament::Format Load (0.1ms)[0m  [1m[34mSELECT "formats".* FROM "formats" WHERE "formats"."name" = $1 AND "formats"."game_id" = $2 LIMIT $3[0m  [["name", "Series 5"], ["game_id", 2], ["LIMIT", 1]]
  [1m[36mTournament::Format Load (0.1ms)[0m  [1m[34mSELECT "formats".* FROM "formats" WHERE "formats"."name" = $1 AND "formats"."game_id" = $2 LIMIT $3[0m  [["name", "Series 6"], ["game_id", 2], ["LIMIT", 1]]
  [1m[36mTournament::Format Load (0.1ms)[0m  [1m[34mSELECT "formats".* FROM "formats" WHERE "formats"."name" = $1 AND "formats"."game_id" = $2 LIMIT $3[0m  [["name", "Series 7"], ["game_id", 2], ["LIMIT", 1]]
  [1m[36mTournament::Format Load (0.1ms)[0m  [1m[34mSELECT "formats".* FROM "formats" WHERE "formats"."name" = $1 AND "formats"."game_id" = $2 LIMIT $3[0m  [["name", "Series 8"], ["game_id", 2], ["LIMIT", 1]]
  [1m[36mTournament::Format Load (0.1ms)[0m  [1m[34mSELECT "formats".* FROM "formats" WHERE "formats"."name" = $1 AND "formats"."game_id" = $2 LIMIT $3[0m  [["name", "Series 9"], ["game_id", 2], ["LIMIT", 1]]
  [1m[36mTournament::Format Load (0.1ms)[0m  [1m[34mSELECT "formats".* FROM "formats" WHERE "formats"."name" = $1 AND "formats"."game_id" = $2 LIMIT $3[0m  [["name", "Series 10"], ["game_id", 2], ["LIMIT", 1]]
  [1m[36mTournament::Format Load (0.1ms)[0m  [1m[34mSELECT "formats".* FROM "formats" WHERE "formats"."name" = $1 AND "formats"."game_id" = $2 LIMIT $3[0m  [["name", "Series 11"], ["game_id", 2], ["LIMIT", 1]]
  [1m[36mTournament::Format Load (0.1ms)[0m  [1m[34mSELECT "formats".* FROM "formats" WHERE "formats"."name" = $1 AND "formats"."game_id" = $2 LIMIT $3[0m  [["name", "Series 12"], ["game_id", 2], ["LIMIT", 1]]
  [1m[36mTournament::Format Load (0.1ms)[0m  [1m[34mSELECT "formats".* FROM "formats" WHERE "formats"."name" = $1 AND "formats"."game_id" = $2 LIMIT $3[0m  [["name", "Series 13"], ["game_id", 2], ["LIMIT", 1]]
  [1m[36mUser Load (0.5ms)[0m  [1m[34mSELECT "users".* FROM "users" WHERE "users"."username" = $1 LIMIT $2[0m  [["username", "fuecoco_supremacy"], ["LIMIT", 1]]
  [1m[36mUser Load (0.4ms)[0m  [1m[34mSELECT "users".* FROM "users" WHERE "users"."username" = $1 LIMIT $2[0m  [["username", "sprigatito_lover"], ["LIMIT", 1]]
  [1m[36mUser Load (0.2ms)[0m  [1m[34mSELECT "users".* FROM "users" WHERE "users"."username" = $1 LIMIT $2[0m  [["username", "quaxly_enthusiast"], ["LIMIT", 1]]
  [1m[36mOrganization::Organization Load (0.3ms)[0m  [1m[34mSELECT "organizations".* FROM "organizations" WHERE "organizations"."owner_id" = $1 LIMIT $2[0m  [["owner_id", 1], ["LIMIT", 1]]
  [1m[36mOrganization::Organization Load (0.3ms)[0m  [1m[34mSELECT "organizations".* FROM "organizations" WHERE "organizations"."owner_id" = $1 LIMIT $2[0m  [["owner_id", 2], ["LIMIT", 1]]
  [1m[36mOrganization::Organization Load (0.2ms)[0m  [1m[34mSELECT "organizations".* FROM "organizations" WHERE "organizations"."owner_id" = $1 LIMIT $2[0m  [["owner_id", 3], ["LIMIT", 1]]
  [1m[36mGame Load (0.2ms)[0m  [1m[34mSELECT "games".* FROM "games" WHERE "games"."id" = $1 LIMIT $2[0m  [["id", 1], ["LIMIT", 1]]
  [1m[36mTRANSACTION (0.2ms)[0m  [1m[35mBEGIN[0m
  [1m[36mTournament::Tournament Exists? (1.5ms)[0m  [1m[34mSELECT 1 AS one FROM "tournaments" WHERE "tournaments"."name" = $1 AND "tournaments"."organization_id" = $2 LIMIT $3[0m  [["name", "Fuecoco supremacy's Organization Regulation A Tournament 1"], ["organization_id", 1], ["LIMIT", 1]]
  [1m[36mTournament::Tournament Exists? (0.3ms)[0m  [1m[34mSELECT 1 AS one FROM "tournaments" WHERE "tournaments"."organization_id" = $1 AND "tournaments"."name" = $2 AND "tournaments"."start_at" = $3 LIMIT $4[0m  [["organization_id", 1], ["name", "Fuecoco supremacy's Organization Regulation A Tournament 1"], ["start_at", "2024-07-26 00:00:00"], ["LIMIT", 1]]
  [1m[36mTRANSACTION (0.1ms)[0m  [1m[31mROLLBACK[0m
Failed to create tournament: Name should be unique per organization, name, and start date, Organization should be unique per organization, name, and start date
[dotenv] Loaded [33m.env[0m
DEPRECATION WARNING: `Rails.application.secrets` is deprecated in favor of `Rails.application.credentials` and will be removed in Rails 7.2. (called from <main> at /workspaces/battle-stadium/config/environment.rb:5)
Started GET "/up" for 127.0.0.1 at 2024-07-26 19:02:50 +0000
  [1m[36mActiveRecord::SchemaMigration Load (0.6ms)[0m  [1m[34mSELECT "schema_migrations"."version" FROM "schema_migrations" ORDER BY "schema_migrations"."version" ASC[0m
Processing by Rails::HealthController#show as */*
  Rendering html template
  Rendered html template (Duration: 0.0ms | Allocations: 9)
Completed 200 OK in 11ms (Views: 5.5ms | ActiveRecord: 0.0ms | Allocations: 4842)


